Arguments: 
  /usr/local/bin/node /usr/local/bin/yarn

PATH: 
  /home/han/gems/bin:/home/han/.pyenv/shims:/home/han/.pyenv/bin:/home/han/.pyenv/shims:/home/han/.pyenv/bin:/usr/local/sbin:/usr/local/bin:/usr/sbin:/usr/bin:/sbin:/bin:/usr/games:/usr/local/games:/snap/bin

Yarn version: 
  1.19.1

Node version: 
  10.16.3

Platform: 
  linux x64

Trace: 
  SyntaxError: /home/han/work/MDwalks-UI/package.json: Unexpected token } in JSON at position 279
      at JSON.parse (<anonymous>)
      at /usr/local/lib/node_modules/yarn/lib/cli.js:1625:59
      at Generator.next (<anonymous>)
      at step (/usr/local/lib/node_modules/yarn/lib/cli.js:304:30)
      at /usr/local/lib/node_modules/yarn/lib/cli.js:315:13

npm manifest: 
  {
    "name": "MDwalks-UI",
    "version": "0.4.7",
    "main": "dist/index.js",
    "module": "dist/index.esm.js",
    "scripts": {
      "test": "jest --coverage",
      "test:watch": "jest --watch --coverage",
      "build": "rollup -c",
      "build:docz": "rm -rf docs && yarn docz build",
    },
    "jest": {
      "testPathIgnorePatterns": [
        "<rootDir>/.docz/",
        "<rootDir>/src/components/__tests__/__snapshots__/"
      ],
      "setupFilesAfterEnv": [
        "./setupTest.js"
      ],
      "moduleNameMapper": {
        "^@Charts(.*)$": "<rootDir>/src/components/charts/$1",
        "^@Cards(.*)$": "<rootDir>/src/components/card/$1",
        "^@Table(.*)$": "<rootDir>/src/components/table/$1",
        "\\.(jpg|jpeg|png|gif|eot|otf|webp|svg|ttf|woff|woff2|mp4|webm|wav|mp3|m4a|aac|oga)$": "<rootDir>/__mocks__/fileMock.js",
        "\\.(css|less)$": "identity-obj-proxy"
      }
    },
    "husky": {
      "hooks": {
        "pre-push": "yarn test"
      }
    },
    "repository": "https://github.com/linewalks/MDwalks-UI.git",
    "keywords": [
      "data",
      "react",
      "charts"
    ],
    "author": "linewalks",
    "license": "MIT",
    "devDependencies": {
      "@babel/core": "^7.5.4",
      "@babel/plugin-proposal-class-properties": "^7.5.0",
      "@babel/plugin-syntax-dynamic-import": "^7.2.0",
      "@babel/preset-env": "^7.5.4",
      "@babel/preset-react": "^7.0.0",
      "babel-loader": "^8.0.6",
      "d3": "^5.9.7",
      "d3-sankey-circular": "^0.34.0",
      "docz": "^2.0.0-rc.67",
      "enzyme": "^3.10.0",
      "enzyme-adapter-react-16": "^1.14.0",
      "enzyme-to-json": "^3.4.0",
      "gatsby-plugin-asset-path": "^1.0.2",
      "gatsby-source-filesystem": "^2.1.22",
      "highcharts": "^7.1.2",
      "highcharts-react-official": "^2.2.2",
      "husky": "^3.0.4",
      "identity-obj-proxy": "^3.0.0",
      "jest": "24.7.1",
      "jest-styled-components": "^6.3.3",
      "lodash": "^4.17.15",
      "react": "^16.9.0",
      "react-dom": "^16.9.0",
      "rollup": "^1.16.7",
      "rollup-plugin-babel": "^4.3.3",
      "rollup-plugin-commonjs": "^10.0.1",
      "rollup-plugin-node-resolve": "^5.2.0",
      "rollup-plugin-postcss": "^2.0.3",
      "rollup-plugin-replace": "^2.2.0",
      "rollup-plugin-svg": "^2.0.0",
      "scheduler": "0.14.0"
    },
    "dependencies": {
      "d3-simple-slider": "^1.5.4",
      "react-router": "^5.0.1",
      "react-router-dom": "^5.0.1",
      "react-test-renderer": "^16.8.6",
      "styled-components": "^4.3.2"
    }
  }

yarn manifest: 
  No manifest

Lockfile: 
  No lockfile
